CHECKPOINT|[]
101|START
101|WRITE|employees|None|[{"id": 1, "name": "Alice", "salary": 5000}]
101|COMMIT
102|START
103|START
CHECKPOINT|[102,103]
102|WRITE|employees|None|[{"id": 2, "name": "Bob", "salary": 4000}]
102|WRITE|employees|[{"id": 2, "name": "Bob", "salary": 4000}]|None
102|ABORT
103|WRITE|employees|[{"id": 1, "name": "Alice", "salary": 5000}]|[{"id": 1, "name": "Alice", "salary": 6000}]
CHECKPOINT|["103"]
102|WRITE|employees|None|[{"id": 2, "name": "Bob", "salary": 4000}]
102|WRITE|employees|[{"id": 2, "name": "Bob", "salary": 4000}]|None
102|ABORT
103|WRITE|employees|[{"id": 1, "name": "Alice", "salary": 5000}]|[{"id": 1, "name": "Alice", "salary": 6000}]
CHECKPOINT|["103"]
102|WRITE|employees|None|[{"id": 2, "name": "Bob", "salary": 4000}]
102|WRITE|employees|[{"id": 2, "name": "Bob", "salary": 4000}]|None
102|ABORT
103|WRITE|employees|[{"id": 1, "name": "Alice", "salary": 5000}]|[{"id": 1, "name": "Alice", "salary": 6000}]
CHECKPOINT|["103"]
102|WRITE|employees|None|[{"id": 2, "name": "Bob", "salary": 4000}]
102|WRITE|employees|[{"id": 2, "name": "Bob", "salary": 4000}]|None
102|ABORT
103|WRITE|employees|[{"id": 1, "name": "Alice", "salary": 5000}]|[{"id": 1, "name": "Alice", "salary": 6000}]
CHECKPOINT|["103"]
102|WRITE|employees|None|[{"id": 2, "name": "Bob", "salary": 4000}]
102|WRITE|employees|[{"id": 2, "name": "Bob", "salary": 4000}]|None
102|ABORT
103|WRITE|employees|[{"id": 1, "name": "Alice", "salary": 5000}]|[{"id": 1, "name": "Alice", "salary": 6000}]
CHECKPOINT|["103"]
102|WRITE|employees|None|[{"id": 2, "name": "Bob", "salary": 4000}]
102|WRITE|employees|[{"id": 2, "name": "Bob", "salary": 4000}]|None
102|ABORT
103|WRITE|employees|[{"id": 1, "name": "Alice", "salary": 5000}]|[{"id": 1, "name": "Alice", "salary": 6000}]
CHECKPOINT|["103"]
102|WRITE|employees|None|[{"id": 2, "name": "Bob", "salary": 4000}]
102|WRITE|employees|[{"id": 2, "name": "Bob", "salary": 4000}]|None
102|ABORT
103|WRITE|employees|[{"id": 1, "name": "Alice", "salary": 5000}]|[{"id": 1, "name": "Alice", "salary": 6000}]
CHECKPOINT|["103"]
102|WRITE|employees|None|[{"id": 2, "name": "Bob", "salary": 4000}]
102|WRITE|employees|[{"id": 2, "name": "Bob", "salary": 4000}]|None
102|ABORT
103|WRITE|employees|[{"id": 1, "name": "Alice", "salary": 5000}]|[{"id": 1, "name": "Alice", "salary": 6000}]
CHECKPOINT|["103"]
102|WRITE|employees|None|[{"id": 2, "name": "Bob", "salary": 4000}]
102|WRITE|employees|[{"id": 2, "name": "Bob", "salary": 4000}]|None
102|ABORT
103|WRITE|employees|[{"id": 1, "name": "Alice", "salary": 5000}]|[{"id": 1, "name": "Alice", "salary": 6000}]
CHECKPOINT|["103"]
102|WRITE|employees|None|[{"id": 2, "name": "Bob", "salary": 4000}]
102|WRITE|employees|[{"id": 2, "name": "Bob", "salary": 4000}]|None
102|ABORT
103|WRITE|employees|[{"id": 1, "name": "Alice", "salary": 5000}]|[{"id": 1, "name": "Alice", "salary": 6000}]
CHECKPOINT|["103"]
102|WRITE|employees|None|[{"id": 2, "name": "Bob", "salary": 4000}]
102|WRITE|employees|[{"id": 2, "name": "Bob", "salary": 4000}]|None
102|ABORT
103|WRITE|employees|[{"id": 1, "name": "Alice", "salary": 5000}]|[{"id": 1, "name": "Alice", "salary": 6000}]
CHECKPOINT|["103"]
102|WRITE|employees|None|[{"id": 2, "name": "Bob", "salary": 4000}]
102|WRITE|employees|[{"id": 2, "name": "Bob", "salary": 4000}]|None
102|ABORT
103|WRITE|employees|[{"id": 1, "name": "Alice", "salary": 5000}]|[{"id": 1, "name": "Alice", "salary": 6000}]
CHECKPOINT|["103"]
102|WRITE|employees|None|[{"id": 2, "name": "Bob", "salary": 4000}]
102|WRITE|employees|[{"id": 2, "name": "Bob", "salary": 4000}]|None
102|ABORT
103|WRITE|employees|[{"id": 1, "name": "Alice", "salary": 5000}]|[{"id": 1, "name": "Alice", "salary": 6000}]
CHECKPOINT|["103"]
102|WRITE|employees|None|[{"id": 2, "name": "Bob", "salary": 4000}]
102|WRITE|employees|[{"id": 2, "name": "Bob", "salary": 4000}]|None
102|ABORT
103|WRITE|employees|[{"id": 1, "name": "Alice", "salary": 5000}]|[{"id": 1, "name": "Alice", "salary": 6000}]
CHECKPOINT|["103"]
102|WRITE|employees|None|[{"id": 2, "name": "Bob", "salary": 4000}]
102|WRITE|employees|[{"id": 2, "name": "Bob", "salary": 4000}]|None
102|ABORT
103|WRITE|employees|[{"id": 1, "name": "Alice", "salary": 5000}]|[{"id": 1, "name": "Alice", "salary": 6000}]
CHECKPOINT|["103"]
102|WRITE|employees|None|[{"id": 2, "name": "Bob", "salary": 4000}]
102|WRITE|employees|[{"id": 2, "name": "Bob", "salary": 4000}]|None
102|ABORT
103|WRITE|employees|[{"id": 1, "name": "Alice", "salary": 5000}]|[{"id": 1, "name": "Alice", "salary": 6000}]
CHECKPOINT|["103"]
102|WRITE|employees|None|[{"id": 2, "name": "Bob", "salary": 4000}]
102|WRITE|employees|[{"id": 2, "name": "Bob", "salary": 4000}]|None
102|ABORT
103|WRITE|employees|[{"id": 1, "name": "Alice", "salary": 5000}]|[{"id": 1, "name": "Alice", "salary": 6000}]
CHECKPOINT|["103"]
102|WRITE|employees|None|[{"id": 2, "name": "Bob", "salary": 4000}]
102|WRITE|employees|[{"id": 2, "name": "Bob", "salary": 4000}]|None
102|ABORT
103|WRITE|employees|[{"id": 1, "name": "Alice", "salary": 5000}]|[{"id": 1, "name": "Alice", "salary": 6000}]
CHECKPOINT|["103"]
102|WRITE|employees|None|[{"id": 2, "name": "Bob", "salary": 4000}]
102|WRITE|employees|[{"id": 2, "name": "Bob", "salary": 4000}]|None
102|ABORT
103|WRITE|employees|[{"id": 1, "name": "Alice", "salary": 5000}]|[{"id": 1, "name": "Alice", "salary": 6000}]
CHECKPOINT|["103"]
102|WRITE|employees|None|[{"id": 2, "name": "Bob", "salary": 4000}]
102|WRITE|employees|[{"id": 2, "name": "Bob", "salary": 4000}]|None
102|ABORT
103|WRITE|employees|[{"id": 1, "name": "Alice", "salary": 5000}]|[{"id": 1, "name": "Alice", "salary": 6000}]
CHECKPOINT|["103"]
102|WRITE|employees|None|[{"id": 2, "name": "Bob", "salary": 4000}]
102|WRITE|employees|[{"id": 2, "name": "Bob", "salary": 4000}]|None
102|ABORT
103|WRITE|employees|[{"id": 1, "name": "Alice", "salary": 5000}]|[{"id": 1, "name": "Alice", "salary": 6000}]
CHECKPOINT|["103"]
